[26430:2289920:0213/184348.949103:ERROR:chrome/browser/net/system_network_context_manager.cc:961] Cannot use V8 Proxy resolver in single process mode.
[26430:2289920:0213/184348.954657:INFO:components/enterprise/browser/controller/chrome_browser_cloud_management_controller.cc:206] No machine level policy manager exists.
[26430:2289920:0213/184349.005577:ERROR:chrome/browser/net/system_network_context_manager.cc:961] Cannot use V8 Proxy resolver in single process mode.
[26430:2289920:0213/184349.034523:ERROR:chrome/browser/net/system_network_context_manager.cc:961] Cannot use V8 Proxy resolver in single process mode.
[26430:2289998:0213/184349.326120:ERROR:ui/display/mac/cv_display_link_mac.mm:165] CVDisplayLinkCreateWithCGDisplay failed. CVReturn: -6670
[26430:2289998:0213/184349.326854:ERROR:ui/display/mac/cv_display_link_mac.mm:165] CVDisplayLinkCreateWithCGDisplay failed. CVReturn: -6670
[26430:2289998:0213/184349.327266:ERROR:ui/display/mac/cv_display_link_mac.mm:165] CVDisplayLinkCreateWithCGDisplay failed. CVReturn: -6670
[26430:2289977:0213/184352.421772:ERROR:google_apis/gcm/engine/registration_request.cc:291] Registration response error message: DEPRECATED_ENDPOINT
[26430:2289920:0213/184355.332783:INFO:CONSOLE:5] "selectedCurrency", source: https://www.mobilesentrix.ca/replacement-parts/motorola/g-series/moto-g06-power-xt2535-10-2025 (5)
[26430:2289920:0213/184355.333024:INFO:CONSOLE:5] "CAD", source: https://www.mobilesentrix.ca/replacement-parts/motorola/g-series/moto-g06-power-xt2535-10-2025 (5)
[26430:2289920:0213/184406.244262:INFO:CONSOLE:0] "The resource https://www.googletagmanager.com/gtag/js?id=G-E9BVTHF17C&l=dataLayer&cx=c was preloaded using link preload but not used within a few seconds from the window's load event. Please make sure it has an appropriate `as` value and it is preloaded intentionally.", source: https://www.mobilesentrix.ca/replacement-parts/motorola/g-series/moto-g06-power-xt2535-10-2025 (0)
[26430:2289920:0213/184409.828269:INFO:CONSOLE:5] "selectedCurrency", source: https://www.mobilesentrix.ca/lcd-assembly-without-frame-for-motorola-moto-g06-xt2535-1-2025-g06-power-xt2535-10-2025-refurbished-all-colors (5)
[26430:2289920:0213/184409.828458:INFO:CONSOLE:5] "CAD", source: https://www.mobilesentrix.ca/lcd-assembly-without-frame-for-motorola-moto-g06-xt2535-1-2025-g06-power-xt2535-10-2025-refurbished-all-colors (5)
[26430:2289920:0213/184409.865540:INFO:CONSOLE:0] "The resource https://www.googletagmanager.com/gtag/js?id=G-E9BVTHF17C&l=dataLayer&cx=c was preloaded using link preload but not used within a few seconds from the window's load event. Please make sure it has an appropriate `as` value and it is preloaded intentionally.", source: https://www.mobilesentrix.ca/replacement-parts/motorola/g-series/moto-g06-power-xt2535-10-2025 (0)
[26430:2289920:0213/184410.743373:INFO:CONSOLE:130] "Executing inline script violates the following Content Security Policy directive 'script-src 'sha256-RmYTC9iPUTyoPfOBR9rEZcPmA3A8NGQgxJOYYBUb740=' 'sha256-MkvCXwEdBhR/QU6eqGX5THWCtkqlaanwiNzVKNI9Vb8=' 'self' 'unsafe-inline' https://*.paypal.com https://*.paypalobjects.com'. Note that 'unsafe-inline' is ignored if either a hash or nonce value is present in the source list. The action has been blocked.", source: https://www.paypal.com/credit-presentment/experiments/local?uid=uid_omwewmbhtjasrdkwimvrogiuuqsill&disableSetCookie=true&features=%5Bobject%20Object%5D%2Cnative-modal&sdkMeta=eyJ1cmwiOiJodHRwczovL3d3dy5wYXlwYWwuY29tL3Nkay9qcz9jbGllbnQtaWQ9QVdwVk56TElUWmFkbXd4SnpjU3pOdXoxdmx0U3puWHNTMnJvWXVxbXQwcUZBbEdHM3ZuOGkzVGtUbEtERlo2MHkweTZXcGJrNE9LX01OYTImY29tcG9uZW50cz1tZXNzYWdlcyIsImF0dHJzIjp7ImRhdGEtdWlkIjoidWlkX29td2V3bWJodGphc3Jka3dpbXZyb2dpdXVxc2lsbCJ9fQ&env=production&scriptUID=uid_omwewmbhtjasrdkwimvrogiuuqsill&version=1.77.0&integrationType=SDK (130)
[26430:2289977:0213/184417.321328:ERROR:google_apis/gcm/engine/registration_request.cc:291] Registration response error message: DEPRECATED_ENDPOINT
[26430:2289920:0213/184417.440359:INFO:CONSOLE:5] "New Relic Warning: https://github.com/newrelic/newrelic-browser-agent/blob/main/docs/warning-codes.md#60 2", source: https://www.mobilesentrix.ca/replacement-parts/motorola/g-series/moto-g06-power-xt2535-10-2025 (5)
[26430:2289920:0213/184422.694528:INFO:CONSOLE:0] "The resource https://www.googletagmanager.com/gtag/js?id=G-E9BVTHF17C&l=dataLayer&cx=c was preloaded using link preload but not used within a few seconds from the window's load event. Please make sure it has an appropriate `as` value and it is preloaded intentionally.", source: https://www.mobilesentrix.ca/lcd-assembly-without-frame-for-motorola-moto-g06-xt2535-1-2025-g06-power-xt2535-10-2025-refurbished-all-colors (0)
[26430:2289920:0213/184433.203809:INFO:CONSOLE:5] "selectedCurrency", source: https://www.mobilesentrix.ca/lcd-assembly-with-frame-for-motorola-moto-g06-xt2535-1-2025-g06-power-xt2535-10-2025-refurbished-all-colors (5)
[26430:2289920:0213/184433.204033:INFO:CONSOLE:5] "CAD", source: https://www.mobilesentrix.ca/lcd-assembly-with-frame-for-motorola-moto-g06-xt2535-1-2025-g06-power-xt2535-10-2025-refurbished-all-colors (5)
[26430:2289977:0213/184511.855996:ERROR:google_apis/gcm/engine/registration_request.cc:291] Registration response error message: DEPRECATED_ENDPOINT
